[31muser 1/1 |3618220614 |stage 0/None| 2025-03-02 23:51:04,709 - main - INFO - Starting experiment
[0m[31muser 1/1 |3618220614 |stage 0/None| 2025-03-02 23:51:04,709 - main - INFO - ==============================
[0m[31muser 1/1 |3618220614 |stage 0/None| 2025-03-02 23:51:04,710 - main - INFO - Began stage 'Instructions'
[0m[31muser 1/1 |3618220614 |stage 0/None| 2025-03-02 23:51:05,774 - main - INFO - Finished Instructions via button press
[0m[31muser 1/1 |3618220614 |stage 0/None| 2025-03-02 23:51:05,775 - main - INFO - Finished stage 'Instructions'
[0m[31muser 1/1 |3618220614 |stage 1/None| 2025-03-02 23:51:05,776 - main - INFO - ==============================
[0m[31muser 1/1 |3618220614 |stage 1/None| 2025-03-02 23:51:05,777 - main - INFO - Began stage 'Environment'
[0m[31muser 1/1 |3618220614 |stage 1/None| 2025-03-02 23:51:05,778 - nicewebrl.stages - INFO - ==============================
[0m[31muser 1/1 |3618220614 |stage 1/None| 2025-03-02 23:51:05,778 - nicewebrl.stages - INFO - {'desc': 'some description', 'key1': 'value1', 'key2': 'value2'}
[0m[31muser 1/1 |3618220614 |stage 1/None| 2025-03-02 23:51:05,882 - nicewebrl.stages - INFO - Getting latest stage state
[0m[31muser 1/1 |3618220614 |stage 1/None| 2025-03-02 23:51:05,883 - nicewebrl.stages - INFO - No stage state found, starting new stage
[0m[31muser 1/1 |3618220614 |stage 1/None| 2025-03-02 23:51:06,597 - nicewebrl.stages - INFO - handle_key_press key: ArrowRight
[0m[31muser 1/1 |3618220614 |stage 1/None| 2025-03-02 23:51:06,885 - nicewebrl.stages - INFO - Environment saved file
[0m[31muser 1/1 |3618220614 |stage 1/None| 2025-03-02 23:51:06,886 - nicewebrl.stages - INFO - ∆t: 0.649
[0m[31muser 1/1 |3618220614 |stage 1/None| 2025-03-02 23:51:06,886 - nicewebrl.stages - INFO - stage state: {'nsteps': 2, 'nepisodes': 1, 'nsuccesses': 0}
[0m[31muser 1/1 |3618220614 |stage 1/None| 2025-03-02 23:51:06,886 - nicewebrl.stages - INFO - env step: 2
[0m[31muser 1/1 |3618220614 |stage 1/None| 2025-03-02 23:51:07,445 - main - INFO - Starting experiment
[0m[31muser 1/1 |3618220614 |stage 1/None| 2025-03-02 23:51:07,445 - main - INFO - ==============================
[0m[31muser 1/1 |3618220614 |stage 1/None| 2025-03-02 23:51:07,446 - main - INFO - Began stage 'Environment'
[0m[31muser 1/1 |3618220614 |stage 1/None| 2025-03-02 23:51:07,446 - nicewebrl.stages - INFO - ==============================
[0m[31muser 1/1 |3618220614 |stage 1/None| 2025-03-02 23:51:07,446 - nicewebrl.stages - INFO - {'desc': 'some description', 'key1': 'value1', 'key2': 'value2'}
[0m[31muser 1/1 |3618220614 |stage 1/None| 2025-03-02 23:51:07,448 - nicewebrl.stages - INFO - Getting latest stage state
[0m[31muser 1/1 |3618220614 |stage 1/None| 2025-03-02 23:51:07,449 - nicewebrl.stages - INFO - Loading stage state from memory
[0m[31muser 1/1 |3618220614 |stage 1/None| 2025-03-02 23:51:07,973 - main - INFO - {'message': 'Ping 4253'}
[0m[31muser 1/1 |3618220614 |stage 1/None| 2025-03-02 23:51:09,355 - nicewebrl.stages - INFO - handle_key_press key: ArrowLeft
[0m[31muser 1/1 |3618220614 |stage 1/None| 2025-03-02 23:51:09,364 - nicewebrl.stages - INFO - --------------------
[0m[31muser 1/1 |3618220614 |stage 1/None| 2025-03-02 23:51:09,364 - nicewebrl.stages - INFO - episode over
[0m[31muser 1/1 |3618220614 |stage 1/None| 2025-03-02 23:51:09,364 - nicewebrl.stages - INFO - --------------------
[0m[31muser 1/1 |3618220614 |stage 1/None| 2025-03-02 23:51:09,365 - nicewebrl.stages - INFO - stage finished
[0m[31muser 1/1 |3618220614 |stage 1/None| 2025-03-02 23:51:09,369 - nicewebrl.stages - INFO - Environment saved file
[0m[31muser 1/1 |3618220614 |stage 1/None| 2025-03-02 23:51:09,369 - nicewebrl.stages - INFO - ∆t: 2.759
[0m[31muser 1/1 |3618220614 |stage 1/None| 2025-03-02 23:51:09,370 - nicewebrl.stages - INFO - stage state: {'nsteps': 3, 'nepisodes': 1, 'nsuccesses': 1}
[0m[31muser 1/1 |3618220614 |stage 1/None| 2025-03-02 23:51:09,371 - nicewebrl.stages - INFO - env step: 3
[0m[31muser 1/1 |3618220614 |stage 1/None| 2025-03-02 23:51:15,480 - main - INFO - Starting experiment
[0m[31muser 1/1 |3618220614 |stage 1/None| 2025-03-02 23:51:15,481 - main - INFO - ==============================
[0m[31muser 1/1 |3618220614 |stage 1/None| 2025-03-02 23:51:15,481 - main - INFO - Began stage 'Environment'
[0m[31muser 1/1 |3618220614 |stage 1/None| 2025-03-02 23:51:15,481 - nicewebrl.stages - INFO - ==============================
[0m[31muser 1/1 |3618220614 |stage 1/None| 2025-03-02 23:51:15,482 - nicewebrl.stages - INFO - {'desc': 'some description', 'key1': 'value1', 'key2': 'value2'}
[0m[31muser 1/1 |3618220614 |stage 1/None| 2025-03-02 23:51:15,483 - nicewebrl.stages - INFO - Getting latest stage state
[0m[31muser 1/1 |3618220614 |stage 1/None| 2025-03-02 23:51:15,484 - nicewebrl.stages - INFO - Loading stage state from memory
[0m[31muser 1/1 |3618220614 |stage 1/None| 2025-03-02 23:51:15,704 - main - INFO - {'message': 'Ping 4007'}
[0m[31muser 1/1 |3618220614 |stage 1/None| 2025-03-02 23:51:16,625 - nicewebrl.stages - INFO - handle_key_press key: ArrowLeft
[0m[31muser 1/1 |3618220614 |stage 1/None| 2025-03-02 23:51:16,625 - nicewebrl.stages - INFO - key press 'ArrowLeft' finishing stage
[0m[31muser 1/1 |3618220614 |stage 1/None| 2025-03-02 23:51:16,626 - nicewebrl.stages - INFO - finish_stage Environment. stats: {'nsteps': 3, 'nepisodes': 1, 'nsuccesses': 1}
[0m[31muser 1/1 |3618220614 |stage 1/None| 2025-03-02 23:51:16,629 - nicewebrl.stages - INFO - Environment saved file
[0m[31muser 1/1 |3618220614 |stage 1/None| 2025-03-02 23:51:16,630 - nicewebrl.stages - INFO - ∆t: 0.0
[0m[31muser 1/1 |3618220614 |stage 1/None| 2025-03-02 23:51:16,630 - nicewebrl.stages - INFO - stage state: {'nsteps': 3, 'nepisodes': 1, 'nsuccesses': 1}
[0m[31muser 1/1 |3618220614 |stage 1/None| 2025-03-02 23:51:16,630 - nicewebrl.stages - INFO - env step: 3
[0m[31muser 1/1 |3618220614 |stage 1/None| 2025-03-02 23:51:16,631 - main - INFO - Finished Environment via key press
[0m[31muser 1/1 |3618220614 |stage 1/None| 2025-03-02 23:51:16,631 - main - INFO - Finished stage 'Environment'
[0m[31muser 1/1 |3618220614 |stage 1/None| 2025-03-02 23:51:16,631 - main - INFO - Saved data for stage 'Environment'
[0m